
=== Wed Jun  4 15:16:23 2025

Packages were changed.
Update Mode: updateDependencies

The following packages were updated:
  com.unity.burst from version 1.8.4 to 1.8.12
  com.unity.ide.rider from version 3.0.21 to 3.0.28
  com.unity.ide.visualstudio from version 2.0.18 to 2.0.22
  com.unity.postprocessing from version 3.2.2 to 3.4.0
  com.unity.render-pipelines.core from version 14.0.7 to 14.0.10
  com.unity.render-pipelines.universal from version 14.0.7 to 14.0.10
  com.unity.shadergraph from version 14.0.7 to 14.0.10
  com.unity.timeline from version 1.7.4 to 1.7.6
  com.unity.visualscripting from version 1.8.0 to 1.9.2

=== Wed Jun  4 15:16:23 2025

Packages were changed.
Update Mode: mergeDefaultDependencies

The following packages were added:
  com.unity.burst@1.8.12
  com.unity.ext.nunit@1.0.6
  com.unity.ide.rider@3.0.28
  com.unity.ide.visualstudio@2.0.22
  com.unity.ide.vscode@1.2.5
  com.unity.mathematics@1.2.6
  com.unity.postprocessing@3.4.0
  com.unity.render-pipelines.core@14.0.10
  com.unity.searcher@4.9.2
  com.unity.shadergraph@14.0.10
  com.unity.test-framework@1.1.33
  com.unity.modules.subsystems@1.0.0
The following packages were updated:
  com.unity.collab-proxy from version 2.3.1 to 2.4.4
